<?xml version="1.0" encoding="UTF-8"?>
<testng-results ignored="0" total="1" passed="1" failed="0" skipped="0">
  <reporter-output>
  </reporter-output>
  <suite started-at="2020-08-15T17:40:17 IST" name="Suite" finished-at="2020-08-15T17:41:20 IST" duration-ms="63739">
    <groups>
      <group name="cucumber">
        <method signature="TestRunner.feature(cucumber.api.testng.CucumberFeatureWrapper)[pri:0, instance:com.dkatalislabs.TestRunner.TestRunner@687e99d8]" name="feature" class="com.dkatalislabs.TestRunner.TestRunner"/>
      </group> <!-- cucumber -->
    </groups>
    <test started-at="2020-08-15T17:40:17 IST" name="Test" finished-at="2020-08-15T17:41:20 IST" duration-ms="63739">
      <class name="com.dkatalislabs.TestRunner.TestRunner">
        <test-method is-config="true" signature="setUpClass(java.lang.String)[pri:0, instance:com.dkatalislabs.TestRunner.TestRunner@687e99d8]" started-at="2020-08-15T17:40:17 IST" name="setUpClass" finished-at="2020-08-15T17:40:25 IST" duration-ms="8625" status="PASS">
          <params>
            <param index="0">
              <value>
                <![CDATA[firefox]]>
              </value>
            </param>
          </params>
          <reporter-output>
          </reporter-output>
        </test-method> <!-- setUpClass -->
        <test-method signature="feature(cucumber.api.testng.CucumberFeatureWrapper)[pri:0, instance:com.dkatalislabs.TestRunner.TestRunner@687e99d8]" started-at="2020-08-15T17:40:25 IST" name="feature" description="Runs Cucumber Feature" data-provider="features" finished-at="2020-08-15T17:41:19 IST" duration-ms="53980" status="PASS">
          <params>
            <param index="0">
              <value>
                <![CDATA[Test and verify End to End Checkout flow]]>
              </value>
            </param>
          </params>
          <reporter-output>
          </reporter-output>
        </test-method> <!-- feature -->
        <test-method is-config="true" signature="tearDownClass()[pri:0, instance:com.dkatalislabs.TestRunner.TestRunner@687e99d8]" started-at="2020-08-15T17:41:19 IST" name="tearDownClass" finished-at="2020-08-15T17:41:20 IST" duration-ms="310" status="PASS">
          <reporter-output>
          </reporter-output>
        </test-method> <!-- tearDownClass -->
        <test-method is-config="true" signature="terminateApp()[pri:0, instance:com.dkatalislabs.TestRunner.TestRunner@687e99d8]" started-at="2020-08-15T17:41:20 IST" name="terminateApp" finished-at="2020-08-15T17:41:20 IST" duration-ms="635" status="PASS">
          <reporter-output>
          </reporter-output>
        </test-method> <!-- terminateApp -->
      </class> <!-- com.dkatalislabs.TestRunner.TestRunner -->
    </test> <!-- Test -->
  </suite> <!-- Suite -->
</testng-results>
