<?xml version="1.0" encoding="UTF-8"?>
<testng-results ignored="0" total="1" passed="1" failed="0" skipped="0">
  <reporter-output>
  </reporter-output>
  <suite started-at="2020-08-12T10:57:38 IST" name="Default suite" finished-at="2020-08-12T10:57:46 IST" duration-ms="7869">
    <groups>
      <group name="cucumber">
        <method signature="TestRunner.feature(cucumber.api.testng.CucumberFeatureWrapper)[pri:0, instance:com.dkatalislabs.TestRunner.TestRunner@1e683a3e]" name="feature" class="com.dkatalislabs.TestRunner.TestRunner"/>
      </group> <!-- cucumber -->
    </groups>
    <test started-at="2020-08-12T10:57:38 IST" name="Default test" finished-at="2020-08-12T10:57:46 IST" duration-ms="7869">
      <class name="com.dkatalislabs.TestRunner.TestRunner">
        <test-method is-config="true" signature="setUpClass()[pri:0, instance:com.dkatalislabs.TestRunner.TestRunner@1e683a3e]" started-at="2020-08-12T10:57:38 IST" name="setUpClass" finished-at="2020-08-12T10:57:45 IST" duration-ms="7183" status="PASS">
          <reporter-output>
          </reporter-output>
        </test-method> <!-- setUpClass -->
        <test-method signature="feature(cucumber.api.testng.CucumberFeatureWrapper)[pri:0, instance:com.dkatalislabs.TestRunner.TestRunner@1e683a3e]" started-at="2020-08-12T10:57:45 IST" name="feature" description="Runs Cucumber Feature" data-provider="features" finished-at="2020-08-12T10:57:45 IST" duration-ms="348" status="PASS">
          <params>
            <param index="0">
              <value>
                <![CDATA[Tests and verifies End to End Checkout flow]]>
              </value>
            </param>
          </params>
          <reporter-output>
          </reporter-output>
        </test-method> <!-- feature -->
        <test-method is-config="true" signature="tearDownClass()[pri:0, instance:com.dkatalislabs.TestRunner.TestRunner@1e683a3e]" started-at="2020-08-12T10:57:45 IST" name="tearDownClass" finished-at="2020-08-12T10:57:45 IST" duration-ms="11" status="PASS">
          <reporter-output>
          </reporter-output>
        </test-method> <!-- tearDownClass -->
        <test-method is-config="true" signature="terminateApp()[pri:0, instance:com.dkatalislabs.TestRunner.TestRunner@1e683a3e]" started-at="2020-08-12T10:57:45 IST" name="terminateApp" finished-at="2020-08-12T10:57:46 IST" duration-ms="195" status="PASS">
          <reporter-output>
          </reporter-output>
        </test-method> <!-- terminateApp -->
      </class> <!-- com.dkatalislabs.TestRunner.TestRunner -->
    </test> <!-- Default test -->
  </suite> <!-- Default suite -->
</testng-results>
