<?xml version="1.0" encoding="UTF-8"?>
<testng-results ignored="0" total="1" passed="1" failed="0" skipped="0">
  <reporter-output>
  </reporter-output>
  <suite started-at="2020-08-12T12:39:18 IST" name="Suite" finished-at="2020-08-12T12:40:12 IST" duration-ms="53523">
    <groups>
      <group name="cucumber">
        <method signature="TestRunner.feature(cucumber.api.testng.CucumberFeatureWrapper)[pri:0, instance:com.dkatalislabs.TestRunner.TestRunner@759d26fb]" name="feature" class="com.dkatalislabs.TestRunner.TestRunner"/>
      </group> <!-- cucumber -->
    </groups>
    <test started-at="2020-08-12T12:39:18 IST" name="Test" finished-at="2020-08-12T12:40:12 IST" duration-ms="53523">
      <class name="com.dkatalislabs.TestRunner.TestRunner">
        <test-method is-config="true" signature="setUpClass()[pri:0, instance:com.dkatalislabs.TestRunner.TestRunner@759d26fb]" started-at="2020-08-12T12:39:18 IST" name="setUpClass" finished-at="2020-08-12T12:39:25 IST" duration-ms="6380" status="PASS">
          <reporter-output>
          </reporter-output>
        </test-method> <!-- setUpClass -->
        <test-method signature="feature(cucumber.api.testng.CucumberFeatureWrapper)[pri:0, instance:com.dkatalislabs.TestRunner.TestRunner@759d26fb]" started-at="2020-08-12T12:39:25 IST" name="feature" description="Runs Cucumber Feature" data-provider="features" finished-at="2020-08-12T12:40:12 IST" duration-ms="46804" status="PASS">
          <params>
            <param index="0">
              <value>
                <![CDATA[Tests and verifies End to End Checkout flow]]>
              </value>
            </param>
          </params>
          <reporter-output>
          </reporter-output>
        </test-method> <!-- feature -->
        <test-method is-config="true" signature="tearDownClass()[pri:0, instance:com.dkatalislabs.TestRunner.TestRunner@759d26fb]" started-at="2020-08-12T12:40:12 IST" name="tearDownClass" finished-at="2020-08-12T12:40:12 IST" duration-ms="14" status="PASS">
          <reporter-output>
          </reporter-output>
        </test-method> <!-- tearDownClass -->
        <test-method is-config="true" signature="terminateApp()[pri:0, instance:com.dkatalislabs.TestRunner.TestRunner@759d26fb]" started-at="2020-08-12T12:40:12 IST" name="terminateApp" finished-at="2020-08-12T12:40:12 IST" duration-ms="195" status="PASS">
          <reporter-output>
          </reporter-output>
        </test-method> <!-- terminateApp -->
      </class> <!-- com.dkatalislabs.TestRunner.TestRunner -->
    </test> <!-- Test -->
  </suite> <!-- Suite -->
</testng-results>
